mode: set
chat/messaging/usecase/room_usecase.go:26.112,28.2 1 1
chat/messaging/usecase/room_usecase.go:31.82,36.16 4 1
chat/messaging/usecase/room_usecase.go:40.2,40.44 1 1
chat/messaging/usecase/room_usecase.go:47.2,47.61 1 1
chat/messaging/usecase/room_usecase.go:36.16,38.3 1 1
chat/messaging/usecase/room_usecase.go:40.44,42.17 2 1
chat/messaging/usecase/room_usecase.go:42.17,44.4 1 1
chat/messaging/usecase/room_usecase.go:51.94,56.2 3 1
chat/messaging/usecase/room_usecase.go:59.99,64.2 3 1
chat/messaging/usecase/room_usecase.go:67.109,72.16 4 1
chat/messaging/usecase/room_usecase.go:75.2,78.16 3 1
chat/messaging/usecase/room_usecase.go:82.2,82.46 1 1
chat/messaging/usecase/room_usecase.go:104.2,104.30 1 1
chat/messaging/usecase/room_usecase.go:72.16,74.3 1 1
chat/messaging/usecase/room_usecase.go:78.16,80.3 1 1
chat/messaging/usecase/room_usecase.go:82.46,86.17 4 1
chat/messaging/usecase/room_usecase.go:89.3,90.17 2 1
chat/messaging/usecase/room_usecase.go:94.3,101.30 6 1
chat/messaging/usecase/room_usecase.go:86.17,88.4 1 1
chat/messaging/usecase/room_usecase.go:90.17,92.4 1 1
chat/messaging/usecase/room_usecase.go:108.91,113.16 4 1
chat/messaging/usecase/room_usecase.go:117.2,117.29 1 1
chat/messaging/usecase/room_usecase.go:121.2,121.63 1 1
chat/messaging/usecase/room_usecase.go:113.16,115.3 1 1
chat/messaging/usecase/room_usecase.go:117.29,119.3 1 1
chat/messaging/usecase/message_usecase.go:17.118,19.2 1 1
chat/messaging/usecase/message_usecase.go:21.101,28.16 5 0
chat/messaging/usecase/message_usecase.go:32.2,32.46 1 0
chat/messaging/usecase/message_usecase.go:39.2,39.8 1 0
chat/messaging/usecase/message_usecase.go:28.16,30.3 1 0
chat/messaging/usecase/message_usecase.go:32.46,33.28 1 0
chat/messaging/usecase/message_usecase.go:33.28,35.9 2 0
chat/messaging/usecase/message_usecase.go:42.90,47.2 3 1
chat/messaging/usecase/message_usecase.go:49.151,54.16 4 1
chat/messaging/usecase/message_usecase.go:58.2,58.45 1 1
chat/messaging/usecase/message_usecase.go:62.2,62.44 1 1
chat/messaging/usecase/message_usecase.go:66.2,66.19 1 1
chat/messaging/usecase/message_usecase.go:70.2,73.16 3 1
chat/messaging/usecase/message_usecase.go:77.2,77.29 1 1
chat/messaging/usecase/message_usecase.go:54.16,56.3 1 1
chat/messaging/usecase/message_usecase.go:58.45,60.3 1 1
chat/messaging/usecase/message_usecase.go:62.44,64.3 1 1
chat/messaging/usecase/message_usecase.go:66.19,68.3 1 1
chat/messaging/usecase/message_usecase.go:73.16,75.3 1 1
chat/messaging/usecase/message_usecase.go:80.132,86.16 4 1
chat/messaging/usecase/message_usecase.go:89.2,89.31 1 1
chat/messaging/usecase/message_usecase.go:86.16,88.3 1 1
chat/messaging/usecase/message_usecase.go:92.118,97.16 4 1
chat/messaging/usecase/message_usecase.go:101.2,101.45 1 1
chat/messaging/usecase/message_usecase.go:105.2,105.64 1 1
chat/messaging/usecase/message_usecase.go:97.16,99.3 1 1
chat/messaging/usecase/message_usecase.go:101.45,103.3 1 1
chat/messaging/repository/chat_repository.go:24.79,28.2 1 1
chat/messaging/repository/chat_repository.go:30.93,36.2 1 1
chat/messaging/repository/chat_repository.go:38.93,43.16 3 1
chat/messaging/repository/chat_repository.go:47.2,47.14 1 1
chat/messaging/repository/chat_repository.go:51.2,51.12 1 1
chat/messaging/repository/chat_repository.go:43.16,45.3 1 1
chat/messaging/repository/chat_repository.go:47.14,49.3 1 1
chat/messaging/repository/chat_repository.go:54.122,59.16 3 1
chat/messaging/repository/chat_repository.go:63.2,63.27 1 1
chat/messaging/repository/chat_repository.go:59.16,61.3 1 1
chat/messaging/repository/chat_repository.go:66.135,72.21 4 1
chat/messaging/repository/chat_repository.go:82.2,82.38 1 1
chat/messaging/repository/chat_repository.go:86.2,86.31 1 1
chat/messaging/repository/chat_repository.go:72.21,76.17 3 1
chat/messaging/repository/chat_repository.go:79.3,79.53 1 1
chat/messaging/repository/chat_repository.go:76.17,78.4 1 1
chat/messaging/repository/chat_repository.go:82.38,84.3 1 1
chat/messaging/repository/chat_repository.go:89.106,97.2 1 1
chat/messaging/repository/room_repository.go:14.76,18.2 1 1
chat/messaging/repository/room_repository.go:34.103,36.2 1 1
chat/messaging/repository/room_repository.go:38.78,40.2 1 1
chat/messaging/repository/room_repository.go:42.95,48.16 5 1
chat/messaging/repository/room_repository.go:52.2,52.33 1 1
chat/messaging/repository/room_repository.go:57.2,59.19 2 1
chat/messaging/repository/room_repository.go:48.16,50.3 1 1
chat/messaging/repository/room_repository.go:52.33,56.3 3 0
chat/messaging/repository/room_repository.go:62.108,64.2 1 1
chat/messaging/repository/room_repository.go:66.84,68.40 2 1
chat/messaging/repository/room_repository.go:71.2,71.133 1 1
chat/messaging/repository/room_repository.go:68.40,70.3 1 1
chat/messaging/repository/room_repository.go:74.104,76.2 1 1
chat/messaging/repository/room_repository.go:78.108,79.29 1 1
chat/messaging/repository/room_repository.go:85.2,85.12 1 1
chat/messaging/repository/room_repository.go:79.29,81.17 2 1
chat/messaging/repository/room_repository.go:81.17,83.4 1 1
chat/messaging/repository/room_repository.go:88.107,93.16 5 1
chat/messaging/repository/room_repository.go:97.2,97.23 1 1
chat/messaging/repository/room_repository.go:100.2,100.29 1 0
chat/messaging/repository/room_repository.go:105.2,107.26 2 0
chat/messaging/repository/room_repository.go:93.16,95.3 1 1
chat/messaging/repository/room_repository.go:97.23,99.3 1 1
chat/messaging/repository/room_repository.go:100.29,104.3 3 0
chat/messaging/repository/room_repository.go:110.107,112.2 1 1
chat/messaging/repository/room_repository.go:114.120,116.35 2 1
chat/messaging/repository/room_repository.go:123.2,123.12 1 1
chat/messaging/repository/room_repository.go:116.35,119.17 2 1
chat/messaging/repository/room_repository.go:119.17,121.4 1 1
chat/messaging/repository/room_repository.go:126.112,130.37 3 1
chat/messaging/repository/room_repository.go:134.2,140.37 2 1
chat/messaging/repository/room_repository.go:146.2,146.40 1 1
chat/messaging/repository/room_repository.go:130.37,132.3 1 1
chat/messaging/repository/room_repository.go:140.37,145.3 1 1
chat/messaging/repository/room_repository.go:149.114,153.37 2 1
chat/messaging/repository/room_repository.go:160.2,164.40 2 1
chat/messaging/repository/room_repository.go:153.37,158.3 1 1
chat/messaging/repository/room_repository.go:167.127,178.2 4 1
chat/messaging/repository/room_repository.go:180.135,191.2 4 1
chat/messaging/repository/student_repository.go:14.82,18.2 1 1
chat/messaging/repository/student_repository.go:25.92,27.2 1 1
chat/messaging/repository/student_repository.go:29.100,32.16 3 1
chat/messaging/repository/student_repository.go:35.2,35.22 1 1
chat/messaging/repository/student_repository.go:32.16,34.3 1 1
chat/messaging/delivery/http/chat_delivery.go:47.49,52.2 1 1
chat/messaging/delivery/http/chat_delivery.go:54.49,59.2 1 1
chat/messaging/delivery/http/chat_delivery.go:61.51,66.2 1 1
chat/messaging/delivery/http/chat_delivery.go:94.58,96.15 2 1
chat/messaging/delivery/http/chat_delivery.go:100.2,102.41 3 1
chat/messaging/delivery/http/chat_delivery.go:103.2,103.6 1 1
chat/messaging/delivery/http/chat_delivery.go:96.15,99.3 2 1
chat/messaging/delivery/http/chat_delivery.go:102.41,102.107 2 0
chat/messaging/delivery/http/chat_delivery.go:103.6,105.17 2 1
chat/messaging/delivery/http/chat_delivery.go:111.3,113.17 3 1
chat/messaging/delivery/http/chat_delivery.go:116.3,116.39 1 1
chat/messaging/delivery/http/chat_delivery.go:105.17,106.71 1 1
chat/messaging/delivery/http/chat_delivery.go:109.4,109.9 1 1
chat/messaging/delivery/http/chat_delivery.go:106.71,108.5 1 1
chat/messaging/delivery/http/chat_delivery.go:113.17,115.4 1 0
chat/messaging/delivery/http/chat_delivery.go:120.36,123.15 3 1
chat/messaging/delivery/http/chat_delivery.go:127.2,127.6 1 1
chat/messaging/delivery/http/chat_delivery.go:123.15,126.3 2 1
chat/messaging/delivery/http/chat_delivery.go:127.6,128.10 1 1
chat/messaging/delivery/http/chat_delivery.go:129.32,130.11 1 1
chat/messaging/delivery/http/chat_delivery.go:134.4,135.18 2 1
chat/messaging/delivery/http/chat_delivery.go:138.4,138.61 1 1
chat/messaging/delivery/http/chat_delivery.go:142.19,143.67 1 0
chat/messaging/delivery/http/chat_delivery.go:130.11,133.5 2 1
chat/messaging/delivery/http/chat_delivery.go:135.18,137.5 1 0
chat/messaging/delivery/http/chat_delivery.go:138.61,141.5 2 0
chat/messaging/delivery/http/chat_delivery.go:143.67,145.5 1 0
chat/messaging/delivery/http/chat_delivery.go:150.58,153.2 2 1
chat/messaging/delivery/http/chat_delivery.go:157.125,159.17 2 1
chat/messaging/delivery/http/chat_delivery.go:164.2,165.16 2 1
chat/messaging/delivery/http/chat_delivery.go:169.2,171.16 3 1
chat/messaging/delivery/http/chat_delivery.go:174.2,175.20 2 1
chat/messaging/delivery/http/chat_delivery.go:159.17,163.3 3 1
chat/messaging/delivery/http/chat_delivery.go:165.16,168.3 2 0
chat/messaging/delivery/http/chat_delivery.go:171.16,173.3 1 1
chat/messaging/delivery/http/chat_delivery.go:179.34,180.6 1 1
chat/messaging/delivery/http/chat_delivery.go:180.6,181.10 1 1
chat/messaging/delivery/http/chat_delivery.go:182.26,184.26 2 1
chat/messaging/delivery/http/chat_delivery.go:188.4,188.31 1 1
chat/messaging/delivery/http/chat_delivery.go:189.28,191.26 2 1
chat/messaging/delivery/http/chat_delivery.go:200.27,202.33 2 1
chat/messaging/delivery/http/chat_delivery.go:184.26,187.5 2 1
chat/messaging/delivery/http/chat_delivery.go:191.26,192.36 1 1
chat/messaging/delivery/http/chat_delivery.go:192.36,195.31 3 1
chat/messaging/delivery/http/chat_delivery.go:195.31,197.7 1 1
chat/messaging/delivery/http/chat_delivery.go:202.33,203.44 1 1
chat/messaging/delivery/http/chat_delivery.go:206.5,206.12 1 1
chat/messaging/delivery/http/chat_delivery.go:203.44,204.14 1 1
chat/messaging/delivery/http/chat_delivery.go:207.27,207.27 0 1
chat/messaging/delivery/http/chat_delivery.go:208.13,211.33 3 0
chat/messaging/delivery/http/chat_delivery.go:211.33,213.7 1 0
chat/messaging/delivery/http/chat_delivery.go:227.65,229.2 1 1
chat/messaging/delivery/http/chat_delivery.go:231.55,237.25 5 1
chat/messaging/delivery/http/chat_delivery.go:243.2,243.16 1 1
chat/messaging/delivery/http/chat_delivery.go:248.2,250.16 3 1
chat/messaging/delivery/http/chat_delivery.go:255.2,259.16 3 1
chat/messaging/delivery/http/chat_delivery.go:264.2,264.29 1 1
chat/messaging/delivery/http/chat_delivery.go:237.25,239.3 1 1
chat/messaging/delivery/http/chat_delivery.go:239.8,241.3 1 1
chat/messaging/delivery/http/chat_delivery.go:243.16,246.3 2 0
chat/messaging/delivery/http/chat_delivery.go:250.16,253.3 2 1
chat/messaging/delivery/http/chat_delivery.go:259.16,262.3 2 1
chat/messaging/delivery/http/chat_delivery.go:267.54,270.16 2 1
chat/messaging/delivery/http/chat_delivery.go:275.2,282.71 6 1
chat/messaging/delivery/http/chat_delivery.go:287.2,287.39 1 1
chat/messaging/delivery/http/chat_delivery.go:292.2,294.16 2 1
chat/messaging/delivery/http/chat_delivery.go:299.2,300.38 2 1
chat/messaging/delivery/http/chat_delivery.go:270.16,273.3 2 0
chat/messaging/delivery/http/chat_delivery.go:282.71,285.3 2 1
chat/messaging/delivery/http/chat_delivery.go:287.39,290.3 2 1
chat/messaging/delivery/http/chat_delivery.go:294.16,297.3 2 1
chat/messaging/delivery/http/chat_delivery.go:303.56,306.16 2 1
chat/messaging/delivery/http/chat_delivery.go:311.2,318.81 6 1
chat/messaging/delivery/http/chat_delivery.go:323.2,323.39 1 1
chat/messaging/delivery/http/chat_delivery.go:328.2,330.16 3 1
chat/messaging/delivery/http/chat_delivery.go:335.2,336.71 2 1
chat/messaging/delivery/http/chat_delivery.go:306.16,309.3 2 0
chat/messaging/delivery/http/chat_delivery.go:318.81,321.3 2 1
chat/messaging/delivery/http/chat_delivery.go:323.39,326.3 2 1
chat/messaging/delivery/http/chat_delivery.go:330.16,333.3 2 1
chat/messaging/delivery/http/room_delivery.go:17.57,19.2 1 1
chat/messaging/delivery/http/room_delivery.go:21.48,24.16 3 1
chat/messaging/delivery/http/room_delivery.go:29.2,31.16 3 1
chat/messaging/delivery/http/room_delivery.go:36.2,36.67 1 1
chat/messaging/delivery/http/room_delivery.go:24.16,27.3 2 1
chat/messaging/delivery/http/room_delivery.go:31.16,34.3 2 1
chat/messaging/delivery/http/room_delivery.go:39.53,45.16 5 1
chat/messaging/delivery/http/room_delivery.go:50.2,50.74 1 1
chat/messaging/delivery/http/room_delivery.go:45.16,48.3 2 1
chat/messaging/delivery/http/room_delivery.go:53.58,59.16 5 1
chat/messaging/delivery/http/room_delivery.go:64.2,64.78 1 1
chat/messaging/delivery/http/room_delivery.go:59.16,62.3 2 1
chat/messaging/delivery/http/room_delivery.go:67.55,72.16 4 1
chat/messaging/delivery/http/room_delivery.go:77.2,77.41 1 1
chat/messaging/delivery/http/room_delivery.go:72.16,75.3 2 1
chat/messaging/delivery/http/room_delivery.go:80.50,86.16 5 1
chat/messaging/delivery/http/room_delivery.go:91.2,91.68 1 1
chat/messaging/delivery/http/room_delivery.go:86.16,89.3 2 1
